{"contracts/SimpleStorage.sol":{"l":{"18":1,"22":2,"26":0,"27":0},"path":"/Users/andrea/Desktop/hardhat-projects/hardhat-simple-storage/contracts/SimpleStorage.sol","s":{"1":2,"2":0},"b":{},"f":{"1":1,"2":2,"3":0},"fnMap":{"1":{"name":"store","line":17,"loc":{"start":{"line":17,"column":4},"end":{"line":19,"column":4}}},"2":{"name":"retrieve","line":21,"loc":{"start":{"line":21,"column":4},"end":{"line":23,"column":4}}},"3":{"name":"addPerson","line":25,"loc":{"start":{"line":25,"column":4},"end":{"line":28,"column":4}}}},"statementMap":{"1":{"start":{"line":22,"column":8},"end":{"line":22,"column":29}},"2":{"start":{"line":26,"column":8},"end":{"line":26,"column":50}}},"branchMap":{}}}